2024-03-30T07:57:08.382+01:00  WARN 21588 --- [HikariPool-3 housekeeper] com.zaxxer.hikari.pool.HikariPool        : HikariPool-3 - Thread starvation or clock leap detected (housekeeper delta=8h14m27s251ms672µs200ns).
2024-03-30T07:58:28.947+01:00  INFO 2564 --- [restartedMain] com.pfe.PfeApplication                   : Starting PfeApplication using Java 17.0.10 with PID 2564 (C:\ProjetFinal\PFE\target\classes started by Laptop in C:\ProjetFinal\PFE)
2024-03-30T07:58:28.951+01:00  INFO 2564 --- [restartedMain] com.pfe.PfeApplication                   : No active profile set, falling back to 1 default profile: "default"
2024-03-30T07:58:29.090+01:00  INFO 2564 --- [restartedMain] .e.DevToolsPropertyDefaultsPostProcessor : Devtools property defaults active! Set 'spring.devtools.add-properties' to 'false' to disable
2024-03-30T07:58:29.098+01:00  INFO 2564 --- [restartedMain] .e.DevToolsPropertyDefaultsPostProcessor : For additional web related logging consider setting the 'logging.level.web' property to 'DEBUG'
2024-03-30T07:58:29.966+01:00  INFO 2564 --- [restartedMain] .s.d.r.c.RepositoryConfigurationDelegate : Bootstrapping Spring Data JPA repositories in DEFAULT mode.
2024-03-30T07:58:30.076+01:00  INFO 2564 --- [restartedMain] .s.d.r.c.RepositoryConfigurationDelegate : Finished Spring Data repository scanning in 95 ms. Found 5 JPA repository interfaces.
2024-03-30T07:58:30.892+01:00  INFO 2564 --- [restartedMain] o.s.b.w.embedded.tomcat.TomcatWebServer  : Tomcat initialized with port(s): 8080 (http)
2024-03-30T07:58:30.919+01:00  INFO 2564 --- [restartedMain] o.apache.catalina.core.StandardService   : Starting service [Tomcat]
2024-03-30T07:58:30.920+01:00  INFO 2564 --- [restartedMain] o.apache.catalina.core.StandardEngine    : Starting Servlet engine: [Apache Tomcat/10.1.8]
2024-03-30T07:58:31.050+01:00  INFO 2564 --- [restartedMain] o.a.c.c.C.[Tomcat].[localhost].[/]       : Initializing Spring embedded WebApplicationContext
2024-03-30T07:58:31.050+01:00  INFO 2564 --- [restartedMain] w.s.c.ServletWebServerApplicationContext : Root WebApplicationContext: initialization completed in 1950 ms
2024-03-30T07:58:31.330+01:00  INFO 2564 --- [restartedMain] o.hibernate.jpa.internal.util.LogHelper  : HHH000204: Processing PersistenceUnitInfo [name: default]
2024-03-30T07:58:31.438+01:00  INFO 2564 --- [restartedMain] org.hibernate.Version                    : HHH000412: Hibernate ORM core version 6.2.2.Final
2024-03-30T07:58:31.443+01:00  INFO 2564 --- [restartedMain] org.hibernate.cfg.Environment            : HHH000406: Using bytecode reflection optimizer
2024-03-30T07:58:31.663+01:00  INFO 2564 --- [restartedMain] o.h.b.i.BytecodeProviderInitiator        : HHH000021: Bytecode provider name : bytebuddy
2024-03-30T07:58:31.866+01:00  INFO 2564 --- [restartedMain] o.s.o.j.p.SpringPersistenceUnitInfo      : No LoadTimeWeaver setup: ignoring JPA class transformer
2024-03-30T07:58:31.903+01:00  INFO 2564 --- [restartedMain] com.zaxxer.hikari.HikariDataSource       : HikariPool-1 - Starting...
2024-03-30T07:58:32.110+01:00  INFO 2564 --- [restartedMain] com.zaxxer.hikari.pool.HikariPool        : HikariPool-1 - Added connection com.mysql.cj.jdbc.ConnectionImpl@3e1369f2
2024-03-30T07:58:32.113+01:00  INFO 2564 --- [restartedMain] com.zaxxer.hikari.HikariDataSource       : HikariPool-1 - Start completed.
2024-03-30T07:58:32.223+01:00  WARN 2564 --- [restartedMain] org.hibernate.dialect.Dialect            : HHH000511: The 5.5.0 version for [org.hibernate.dialect.MySQLDialect] is no longer supported, hence certain features may not work properly. The minimum supported version is 5.7.0. Check the community dialects project for available legacy versions.
2024-03-30T07:58:32.233+01:00  INFO 2564 --- [restartedMain] org.hibernate.orm.dialect                : HHH035001: Using dialect: org.hibernate.dialect.MySQLDialect, version: 5.5
2024-03-30T07:58:32.618+01:00  INFO 2564 --- [restartedMain] o.h.b.i.BytecodeProviderInitiator        : HHH000021: Bytecode provider name : bytebuddy
2024-03-30T07:58:33.634+01:00  INFO 2564 --- [restartedMain] o.h.e.t.j.p.i.JtaPlatformInitiator       : HHH000490: Using JtaPlatform implementation: [org.hibernate.engine.transaction.jta.platform.internal.NoJtaPlatform]
2024-03-30T07:58:33.827+01:00 DEBUG 2564 --- [restartedMain] org.hibernate.SQL                        : alter table capteur modify column humidite  float(23) not null
2024-03-30T07:58:33.836+01:00 DEBUG 2564 --- [restartedMain] org.hibernate.SQL                        : alter table capteur modify column temperature  float(23) not null
2024-03-30T07:58:33.841+01:00 DEBUG 2564 --- [restartedMain] org.hibernate.SQL                        : alter table champ modify column superficie  float(53) not null
2024-03-30T07:58:33.882+01:00  INFO 2564 --- [restartedMain] j.LocalContainerEntityManagerFactoryBean : Initialized JPA EntityManagerFactory for persistence unit 'default'
2024-03-30T07:58:34.551+01:00  WARN 2564 --- [restartedMain] JpaBaseConfiguration$JpaWebConfiguration : spring.jpa.open-in-view is enabled by default. Therefore, database queries may be performed during view rendering. Explicitly configure spring.jpa.open-in-view to disable this warning
2024-03-30T07:58:35.006+01:00  WARN 2564 --- [restartedMain] o.s.b.d.a.OptionalLiveReloadServer       : Unable to start LiveReload server
2024-03-30T07:58:35.042+01:00  WARN 2564 --- [restartedMain] ConfigServletWebServerApplicationContext : Exception encountered during context initialization - cancelling refresh attempt: org.springframework.context.ApplicationContextException: Failed to start bean 'webServerStartStop'
2024-03-30T07:58:35.045+01:00  INFO 2564 --- [restartedMain] j.LocalContainerEntityManagerFactoryBean : Closing JPA EntityManagerFactory for persistence unit 'default'
2024-03-30T07:58:35.051+01:00  INFO 2564 --- [restartedMain] com.zaxxer.hikari.HikariDataSource       : HikariPool-1 - Shutdown initiated...
2024-03-30T07:58:35.066+01:00  INFO 2564 --- [restartedMain] com.zaxxer.hikari.HikariDataSource       : HikariPool-1 - Shutdown completed.
2024-03-30T07:58:35.069+01:00  INFO 2564 --- [restartedMain] o.apache.catalina.core.StandardService   : Stopping service [Tomcat]
2024-03-30T07:58:35.089+01:00  INFO 2564 --- [restartedMain] .s.b.a.l.ConditionEvaluationReportLogger : 

Error starting ApplicationContext. To display the condition evaluation report re-run your application with 'debug' enabled.
2024-03-30T07:58:35.143+01:00 ERROR 2564 --- [restartedMain] o.s.b.d.LoggingFailureAnalysisReporter   : 

***************************
APPLICATION FAILED TO START
***************************

Description:

Web server failed to start. Port 8080 was already in use.

Action:

Identify and stop the process that's listening on port 8080 or configure this application to listen on another port.

2024-03-30T07:59:20.359+01:00  INFO 21588 --- [File Watcher] rtingClassPathChangeChangedEventListener : Restarting due to 1 class path change (0 additions, 0 deletions, 1 modification)
2024-03-30T07:59:20.375+01:00  INFO 21588 --- [Thread-11] o.apache.catalina.core.StandardService   : Stopping service [Tomcat]
2024-03-30T07:59:20.375+01:00  INFO 21588 --- [Thread-11] o.a.c.c.C.[Tomcat].[localhost].[/]       : Destroying Spring FrameworkServlet 'dispatcherServlet'
2024-03-30T07:59:20.381+01:00  INFO 21588 --- [Thread-11] j.LocalContainerEntityManagerFactoryBean : Closing JPA EntityManagerFactory for persistence unit 'default'
2024-03-30T07:59:20.382+01:00  INFO 21588 --- [Thread-11] com.zaxxer.hikari.HikariDataSource       : HikariPool-3 - Shutdown initiated...
2024-03-30T07:59:20.384+01:00  INFO 21588 --- [Thread-11] com.zaxxer.hikari.HikariDataSource       : HikariPool-3 - Shutdown completed.
2024-03-30T07:59:20.500+01:00  INFO 21588 --- [restartedMain] com.pfe.PfeApplication                   : Starting PfeApplication using Java 17.0.10 with PID 21588 (C:\ProjetFinal\PFE\target\classes started by Laptop in C:\ProjetFinal\PFE)
2024-03-30T07:59:20.501+01:00  INFO 21588 --- [restartedMain] com.pfe.PfeApplication                   : No active profile set, falling back to 1 default profile: "default"
2024-03-30T07:59:20.845+01:00  INFO 21588 --- [restartedMain] .s.d.r.c.RepositoryConfigurationDelegate : Bootstrapping Spring Data JPA repositories in DEFAULT mode.
2024-03-30T07:59:20.871+01:00  INFO 21588 --- [restartedMain] .s.d.r.c.RepositoryConfigurationDelegate : Finished Spring Data repository scanning in 25 ms. Found 5 JPA repository interfaces.
2024-03-30T07:59:21.024+01:00  INFO 21588 --- [restartedMain] o.s.b.w.embedded.tomcat.TomcatWebServer  : Tomcat initialized with port(s): 8081 (http)
2024-03-30T07:59:21.025+01:00  INFO 21588 --- [restartedMain] o.apache.catalina.core.StandardService   : Starting service [Tomcat]
2024-03-30T07:59:21.026+01:00  INFO 21588 --- [restartedMain] o.apache.catalina.core.StandardEngine    : Starting Servlet engine: [Apache Tomcat/10.1.8]
2024-03-30T07:59:21.053+01:00  INFO 21588 --- [restartedMain] o.a.c.c.C.[Tomcat].[localhost].[/]       : Initializing Spring embedded WebApplicationContext
2024-03-30T07:59:21.053+01:00  INFO 21588 --- [restartedMain] w.s.c.ServletWebServerApplicationContext : Root WebApplicationContext: initialization completed in 548 ms
2024-03-30T07:59:21.126+01:00  INFO 21588 --- [restartedMain] o.hibernate.jpa.internal.util.LogHelper  : HHH000204: Processing PersistenceUnitInfo [name: default]
2024-03-30T07:59:21.137+01:00  INFO 21588 --- [restartedMain] o.h.b.i.BytecodeProviderInitiator        : HHH000021: Bytecode provider name : bytebuddy
2024-03-30T07:59:21.137+01:00  INFO 21588 --- [restartedMain] o.s.o.j.p.SpringPersistenceUnitInfo      : No LoadTimeWeaver setup: ignoring JPA class transformer
2024-03-30T07:59:21.139+01:00  INFO 21588 --- [restartedMain] com.zaxxer.hikari.HikariDataSource       : HikariPool-4 - Starting...
2024-03-30T07:59:21.144+01:00  INFO 21588 --- [restartedMain] com.zaxxer.hikari.pool.HikariPool        : HikariPool-4 - Added connection com.mysql.cj.jdbc.ConnectionImpl@3980a18a
2024-03-30T07:59:21.145+01:00  INFO 21588 --- [restartedMain] com.zaxxer.hikari.HikariDataSource       : HikariPool-4 - Start completed.
2024-03-30T07:59:21.146+01:00  WARN 21588 --- [restartedMain] org.hibernate.dialect.Dialect            : HHH000511: The 5.5.0 version for [org.hibernate.dialect.MySQLDialect] is no longer supported, hence certain features may not work properly. The minimum supported version is 5.7.0. Check the community dialects project for available legacy versions.
2024-03-30T07:59:21.147+01:00  INFO 21588 --- [restartedMain] org.hibernate.orm.dialect                : HHH035001: Using dialect: org.hibernate.dialect.MySQLDialect, version: 5.5
2024-03-30T07:59:21.170+01:00  INFO 21588 --- [restartedMain] o.h.b.i.BytecodeProviderInitiator        : HHH000021: Bytecode provider name : bytebuddy
2024-03-30T07:59:21.237+01:00  INFO 21588 --- [restartedMain] o.h.e.t.j.p.i.JtaPlatformInitiator       : HHH000490: Using JtaPlatform implementation: [org.hibernate.engine.transaction.jta.platform.internal.NoJtaPlatform]
2024-03-30T07:59:21.395+01:00 DEBUG 21588 --- [restartedMain] org.hibernate.SQL                        : alter table capteur modify column humidite  float(23) not null
2024-03-30T07:59:21.404+01:00 DEBUG 21588 --- [restartedMain] org.hibernate.SQL                        : alter table capteur modify column temperature  float(23) not null
2024-03-30T07:59:21.409+01:00 DEBUG 21588 --- [restartedMain] org.hibernate.SQL                        : alter table champ modify column superficie  float(53) not null
2024-03-30T07:59:21.419+01:00  INFO 21588 --- [restartedMain] j.LocalContainerEntityManagerFactoryBean : Initialized JPA EntityManagerFactory for persistence unit 'default'
2024-03-30T07:59:21.672+01:00  WARN 21588 --- [restartedMain] JpaBaseConfiguration$JpaWebConfiguration : spring.jpa.open-in-view is enabled by default. Therefore, database queries may be performed during view rendering. Explicitly configure spring.jpa.open-in-view to disable this warning
2024-03-30T07:59:21.798+01:00  INFO 21588 --- [restartedMain] o.s.b.d.a.OptionalLiveReloadServer       : LiveReload server is running on port 35729
2024-03-30T07:59:21.813+01:00  INFO 21588 --- [restartedMain] o.s.b.w.embedded.tomcat.TomcatWebServer  : Tomcat started on port(s): 8081 (http) with context path ''
2024-03-30T07:59:21.821+01:00  INFO 21588 --- [restartedMain] com.pfe.PfeApplication                   : Started PfeApplication in 1.368 seconds (process running for 30814.459)
2024-03-30T07:59:21.826+01:00  INFO 21588 --- [restartedMain] .ConditionEvaluationDeltaLoggingListener : Condition evaluation unchanged
2024-03-30T08:03:19.098+01:00  INFO 21588 --- [http-nio-8081-exec-2] o.a.c.c.C.[Tomcat].[localhost].[/]       : Initializing Spring DispatcherServlet 'dispatcherServlet'
2024-03-30T08:03:19.098+01:00  INFO 21588 --- [http-nio-8081-exec-2] o.s.web.servlet.DispatcherServlet        : Initializing Servlet 'dispatcherServlet'
2024-03-30T08:03:19.102+01:00  INFO 21588 --- [http-nio-8081-exec-2] o.s.web.servlet.DispatcherServlet        : Completed initialization in 4 ms
2024-03-30T08:03:19.105+01:00  INFO 21588 --- [http-nio-8081-exec-2] com.pfe.controllers.HomeController       : ****HomePage() execution started ****
2024-03-30T08:03:22.395+01:00  INFO 21588 --- [http-nio-8081-exec-7] c.pfe.controllers.IngenieurController    : ****LoginPage() execution started ****
2024-03-30T08:08:58.089+01:00  INFO 21588 --- [File Watcher] rtingClassPathChangeChangedEventListener : Restarting due to 1 class path change (0 additions, 0 deletions, 1 modification)
2024-03-30T08:08:58.109+01:00  INFO 21588 --- [Thread-15] o.apache.catalina.core.StandardService   : Stopping service [Tomcat]
2024-03-30T08:08:58.109+01:00  INFO 21588 --- [Thread-15] o.a.c.c.C.[Tomcat].[localhost].[/]       : Destroying Spring FrameworkServlet 'dispatcherServlet'
2024-03-30T08:08:58.118+01:00  INFO 21588 --- [Thread-15] j.LocalContainerEntityManagerFactoryBean : Closing JPA EntityManagerFactory for persistence unit 'default'
2024-03-30T08:08:58.120+01:00  INFO 21588 --- [Thread-15] com.zaxxer.hikari.HikariDataSource       : HikariPool-4 - Shutdown initiated...
2024-03-30T08:08:58.125+01:00  INFO 21588 --- [Thread-15] com.zaxxer.hikari.HikariDataSource       : HikariPool-4 - Shutdown completed.
2024-03-30T08:08:58.213+01:00  INFO 21588 --- [restartedMain] com.pfe.PfeApplication                   : Starting PfeApplication using Java 17.0.10 with PID 21588 (C:\ProjetFinal\PFE\target\classes started by Laptop in C:\ProjetFinal\PFE)
2024-03-30T08:08:58.213+01:00  INFO 21588 --- [restartedMain] com.pfe.PfeApplication                   : No active profile set, falling back to 1 default profile: "default"
2024-03-30T08:08:58.445+01:00  INFO 21588 --- [restartedMain] .s.d.r.c.RepositoryConfigurationDelegate : Bootstrapping Spring Data JPA repositories in DEFAULT mode.
2024-03-30T08:08:58.468+01:00  INFO 21588 --- [restartedMain] .s.d.r.c.RepositoryConfigurationDelegate : Finished Spring Data repository scanning in 22 ms. Found 5 JPA repository interfaces.
2024-03-30T08:08:58.605+01:00  INFO 21588 --- [restartedMain] o.s.b.w.embedded.tomcat.TomcatWebServer  : Tomcat initialized with port(s): 8081 (http)
2024-03-30T08:08:58.605+01:00  INFO 21588 --- [restartedMain] o.apache.catalina.core.StandardService   : Starting service [Tomcat]
2024-03-30T08:08:58.606+01:00  INFO 21588 --- [restartedMain] o.apache.catalina.core.StandardEngine    : Starting Servlet engine: [Apache Tomcat/10.1.8]
2024-03-30T08:08:58.629+01:00  INFO 21588 --- [restartedMain] o.a.c.c.C.[Tomcat].[localhost].[/]       : Initializing Spring embedded WebApplicationContext
2024-03-30T08:08:58.629+01:00  INFO 21588 --- [restartedMain] w.s.c.ServletWebServerApplicationContext : Root WebApplicationContext: initialization completed in 412 ms
2024-03-30T08:08:58.702+01:00  INFO 21588 --- [restartedMain] o.hibernate.jpa.internal.util.LogHelper  : HHH000204: Processing PersistenceUnitInfo [name: default]
2024-03-30T08:08:58.719+01:00  INFO 21588 --- [restartedMain] o.h.b.i.BytecodeProviderInitiator        : HHH000021: Bytecode provider name : bytebuddy
2024-03-30T08:08:58.719+01:00  INFO 21588 --- [restartedMain] o.s.o.j.p.SpringPersistenceUnitInfo      : No LoadTimeWeaver setup: ignoring JPA class transformer
2024-03-30T08:08:58.723+01:00  INFO 21588 --- [restartedMain] com.zaxxer.hikari.HikariDataSource       : HikariPool-5 - Starting...
2024-03-30T08:08:58.816+01:00  INFO 21588 --- [restartedMain] com.zaxxer.hikari.pool.HikariPool        : HikariPool-5 - Added connection com.mysql.cj.jdbc.ConnectionImpl@44dffb25
2024-03-30T08:08:58.817+01:00  INFO 21588 --- [restartedMain] com.zaxxer.hikari.HikariDataSource       : HikariPool-5 - Start completed.
2024-03-30T08:08:58.818+01:00  WARN 21588 --- [restartedMain] org.hibernate.dialect.Dialect            : HHH000511: The 5.5.0 version for [org.hibernate.dialect.MySQLDialect] is no longer supported, hence certain features may not work properly. The minimum supported version is 5.7.0. Check the community dialects project for available legacy versions.
2024-03-30T08:08:58.819+01:00  INFO 21588 --- [restartedMain] org.hibernate.orm.dialect                : HHH035001: Using dialect: org.hibernate.dialect.MySQLDialect, version: 5.5
2024-03-30T08:08:58.875+01:00  INFO 21588 --- [restartedMain] o.h.b.i.BytecodeProviderInitiator        : HHH000021: Bytecode provider name : bytebuddy
2024-03-30T08:08:59.093+01:00  INFO 21588 --- [restartedMain] o.h.e.t.j.p.i.JtaPlatformInitiator       : HHH000490: Using JtaPlatform implementation: [org.hibernate.engine.transaction.jta.platform.internal.NoJtaPlatform]
2024-03-30T08:08:59.252+01:00 DEBUG 21588 --- [restartedMain] org.hibernate.SQL                        : alter table capteur modify column humidite  float(23) not null
2024-03-30T08:08:59.265+01:00 DEBUG 21588 --- [restartedMain] org.hibernate.SQL                        : alter table capteur modify column temperature  float(23) not null
2024-03-30T08:08:59.270+01:00 DEBUG 21588 --- [restartedMain] org.hibernate.SQL                        : alter table champ modify column superficie  float(53) not null
2024-03-30T08:08:59.289+01:00  INFO 21588 --- [restartedMain] j.LocalContainerEntityManagerFactoryBean : Initialized JPA EntityManagerFactory for persistence unit 'default'
2024-03-30T08:08:59.474+01:00  WARN 21588 --- [restartedMain] JpaBaseConfiguration$JpaWebConfiguration : spring.jpa.open-in-view is enabled by default. Therefore, database queries may be performed during view rendering. Explicitly configure spring.jpa.open-in-view to disable this warning
2024-03-30T08:08:59.649+01:00  INFO 21588 --- [restartedMain] o.s.b.d.a.OptionalLiveReloadServer       : LiveReload server is running on port 35729
2024-03-30T08:08:59.668+01:00  INFO 21588 --- [restartedMain] o.s.b.w.embedded.tomcat.TomcatWebServer  : Tomcat started on port(s): 8081 (http) with context path ''
2024-03-30T08:08:59.686+01:00  INFO 21588 --- [restartedMain] com.pfe.PfeApplication                   : Started PfeApplication in 1.503 seconds (process running for 31392.324)
2024-03-30T08:08:59.690+01:00  INFO 21588 --- [restartedMain] .ConditionEvaluationDeltaLoggingListener : Condition evaluation unchanged
2024-03-30T09:30:02.587+01:00  INFO 17752 --- [restartedMain] com.pfe.PfeApplication                   : Starting PfeApplication using Java 17.0.10 with PID 17752 (C:\ProjetFinal\PFE\target\classes started by Laptop in C:\ProjetFinal\PFE)
2024-03-30T09:30:02.593+01:00  INFO 17752 --- [restartedMain] com.pfe.PfeApplication                   : No active profile set, falling back to 1 default profile: "default"
2024-03-30T09:30:02.709+01:00  INFO 17752 --- [restartedMain] .e.DevToolsPropertyDefaultsPostProcessor : Devtools property defaults active! Set 'spring.devtools.add-properties' to 'false' to disable
2024-03-30T09:30:02.711+01:00  INFO 17752 --- [restartedMain] .e.DevToolsPropertyDefaultsPostProcessor : For additional web related logging consider setting the 'logging.level.web' property to 'DEBUG'
2024-03-30T09:30:04.676+01:00  INFO 17752 --- [restartedMain] .s.d.r.c.RepositoryConfigurationDelegate : Bootstrapping Spring Data JPA repositories in DEFAULT mode.
2024-03-30T09:30:04.825+01:00  INFO 17752 --- [restartedMain] .s.d.r.c.RepositoryConfigurationDelegate : Finished Spring Data repository scanning in 133 ms. Found 5 JPA repository interfaces.
2024-03-30T09:30:06.615+01:00  INFO 17752 --- [restartedMain] o.s.b.w.embedded.tomcat.TomcatWebServer  : Tomcat initialized with port(s): 8081 (http)
2024-03-30T09:30:06.662+01:00  INFO 17752 --- [restartedMain] o.apache.catalina.core.StandardService   : Starting service [Tomcat]
2024-03-30T09:30:06.664+01:00  INFO 17752 --- [restartedMain] o.apache.catalina.core.StandardEngine    : Starting Servlet engine: [Apache Tomcat/10.1.8]
2024-03-30T09:30:06.934+01:00  INFO 17752 --- [restartedMain] o.a.c.c.C.[Tomcat].[localhost].[/]       : Initializing Spring embedded WebApplicationContext
2024-03-30T09:30:06.935+01:00  INFO 17752 --- [restartedMain] w.s.c.ServletWebServerApplicationContext : Root WebApplicationContext: initialization completed in 4223 ms
2024-03-30T09:30:07.376+01:00  INFO 17752 --- [restartedMain] o.hibernate.jpa.internal.util.LogHelper  : HHH000204: Processing PersistenceUnitInfo [name: default]
2024-03-30T09:30:07.604+01:00  INFO 17752 --- [restartedMain] org.hibernate.Version                    : HHH000412: Hibernate ORM core version 6.2.2.Final
2024-03-30T09:30:07.610+01:00  INFO 17752 --- [restartedMain] org.hibernate.cfg.Environment            : HHH000406: Using bytecode reflection optimizer
2024-03-30T09:30:07.962+01:00  INFO 17752 --- [restartedMain] o.h.b.i.BytecodeProviderInitiator        : HHH000021: Bytecode provider name : bytebuddy
2024-03-30T09:30:08.277+01:00  INFO 17752 --- [restartedMain] o.s.o.j.p.SpringPersistenceUnitInfo      : No LoadTimeWeaver setup: ignoring JPA class transformer
2024-03-30T09:30:08.311+01:00  INFO 17752 --- [restartedMain] com.zaxxer.hikari.HikariDataSource       : HikariPool-1 - Starting...
2024-03-30T09:30:08.690+01:00  INFO 17752 --- [restartedMain] com.zaxxer.hikari.pool.HikariPool        : HikariPool-1 - Added connection com.mysql.cj.jdbc.ConnectionImpl@51f78b1f
2024-03-30T09:30:08.703+01:00  INFO 17752 --- [restartedMain] com.zaxxer.hikari.HikariDataSource       : HikariPool-1 - Start completed.
2024-03-30T09:30:08.927+01:00  WARN 17752 --- [restartedMain] org.hibernate.dialect.Dialect            : HHH000511: The 5.5.0 version for [org.hibernate.dialect.MySQLDialect] is no longer supported, hence certain features may not work properly. The minimum supported version is 5.7.0. Check the community dialects project for available legacy versions.
2024-03-30T09:30:08.939+01:00  INFO 17752 --- [restartedMain] org.hibernate.orm.dialect                : HHH035001: Using dialect: org.hibernate.dialect.MySQLDialect, version: 5.5
2024-03-30T09:30:09.544+01:00  INFO 17752 --- [restartedMain] o.h.b.i.BytecodeProviderInitiator        : HHH000021: Bytecode provider name : bytebuddy
2024-03-30T09:30:11.661+01:00  INFO 17752 --- [restartedMain] o.h.e.t.j.p.i.JtaPlatformInitiator       : HHH000490: Using JtaPlatform implementation: [org.hibernate.engine.transaction.jta.platform.internal.NoJtaPlatform]
2024-03-30T09:30:11.997+01:00 DEBUG 17752 --- [restartedMain] org.hibernate.SQL                        : alter table capteur modify column humidite  float(23) not null
2024-03-30T09:30:12.017+01:00 DEBUG 17752 --- [restartedMain] org.hibernate.SQL                        : alter table capteur modify column temperature  float(23) not null
2024-03-30T09:30:12.021+01:00 DEBUG 17752 --- [restartedMain] org.hibernate.SQL                        : alter table champ modify column superficie  float(53) not null
2024-03-30T09:30:12.065+01:00  INFO 17752 --- [restartedMain] j.LocalContainerEntityManagerFactoryBean : Initialized JPA EntityManagerFactory for persistence unit 'default'
2024-03-30T09:30:13.090+01:00  WARN 17752 --- [restartedMain] JpaBaseConfiguration$JpaWebConfiguration : spring.jpa.open-in-view is enabled by default. Therefore, database queries may be performed during view rendering. Explicitly configure spring.jpa.open-in-view to disable this warning
2024-03-30T09:30:14.255+01:00  WARN 17752 --- [restartedMain] o.s.b.d.a.OptionalLiveReloadServer       : Unable to start LiveReload server
2024-03-30T09:30:14.310+01:00  WARN 17752 --- [restartedMain] ConfigServletWebServerApplicationContext : Exception encountered during context initialization - cancelling refresh attempt: org.springframework.context.ApplicationContextException: Failed to start bean 'webServerStartStop'
2024-03-30T09:30:14.314+01:00  INFO 17752 --- [restartedMain] j.LocalContainerEntityManagerFactoryBean : Closing JPA EntityManagerFactory for persistence unit 'default'
2024-03-30T09:30:14.321+01:00  INFO 17752 --- [restartedMain] com.zaxxer.hikari.HikariDataSource       : HikariPool-1 - Shutdown initiated...
2024-03-30T09:30:14.339+01:00  INFO 17752 --- [restartedMain] com.zaxxer.hikari.HikariDataSource       : HikariPool-1 - Shutdown completed.
2024-03-30T09:30:14.343+01:00  INFO 17752 --- [restartedMain] o.apache.catalina.core.StandardService   : Stopping service [Tomcat]
2024-03-30T09:30:14.372+01:00  INFO 17752 --- [restartedMain] .s.b.a.l.ConditionEvaluationReportLogger : 

Error starting ApplicationContext. To display the condition evaluation report re-run your application with 'debug' enabled.
2024-03-30T09:30:14.424+01:00 ERROR 17752 --- [restartedMain] o.s.b.d.LoggingFailureAnalysisReporter   : 

***************************
APPLICATION FAILED TO START
***************************

Description:

Web server failed to start. Port 8081 was already in use.

Action:

Identify and stop the process that's listening on port 8081 or configure this application to listen on another port.

2024-03-30T09:30:20.972+01:00  INFO 21588 --- [RMI TCP Connection(131)-127.0.0.1] inMXBeanRegistrar$SpringApplicationAdmin : Application shutdown requested.
2024-03-30T09:30:21.126+01:00  INFO 21588 --- [RMI TCP Connection(131)-127.0.0.1] o.apache.catalina.core.StandardService   : Stopping service [Tomcat]
2024-03-30T09:30:21.189+01:00  INFO 21588 --- [RMI TCP Connection(131)-127.0.0.1] j.LocalContainerEntityManagerFactoryBean : Closing JPA EntityManagerFactory for persistence unit 'default'
2024-03-30T09:30:21.258+01:00  INFO 21588 --- [RMI TCP Connection(131)-127.0.0.1] com.zaxxer.hikari.HikariDataSource       : HikariPool-5 - Shutdown initiated...
2024-03-30T09:30:21.265+01:00  INFO 21588 --- [RMI TCP Connection(131)-127.0.0.1] com.zaxxer.hikari.HikariDataSource       : HikariPool-5 - Shutdown completed.
2024-03-30T09:30:41.304+01:00  INFO 19748 --- [restartedMain] com.pfe.PfeApplication                   : Starting PfeApplication using Java 17.0.10 with PID 19748 (C:\ProjetFinal\PFE\target\classes started by Laptop in C:\ProjetFinal\PFE)
2024-03-30T09:30:41.310+01:00  INFO 19748 --- [restartedMain] com.pfe.PfeApplication                   : No active profile set, falling back to 1 default profile: "default"
2024-03-30T09:30:41.404+01:00  INFO 19748 --- [restartedMain] .e.DevToolsPropertyDefaultsPostProcessor : Devtools property defaults active! Set 'spring.devtools.add-properties' to 'false' to disable
2024-03-30T09:30:41.405+01:00  INFO 19748 --- [restartedMain] .e.DevToolsPropertyDefaultsPostProcessor : For additional web related logging consider setting the 'logging.level.web' property to 'DEBUG'
2024-03-30T09:30:42.432+01:00  INFO 19748 --- [restartedMain] .s.d.r.c.RepositoryConfigurationDelegate : Bootstrapping Spring Data JPA repositories in DEFAULT mode.
2024-03-30T09:30:42.542+01:00  INFO 19748 --- [restartedMain] .s.d.r.c.RepositoryConfigurationDelegate : Finished Spring Data repository scanning in 96 ms. Found 5 JPA repository interfaces.
2024-03-30T09:30:43.333+01:00  INFO 19748 --- [restartedMain] o.s.b.w.embedded.tomcat.TomcatWebServer  : Tomcat initialized with port(s): 8081 (http)
2024-03-30T09:30:43.349+01:00  INFO 19748 --- [restartedMain] o.apache.catalina.core.StandardService   : Starting service [Tomcat]
2024-03-30T09:30:43.349+01:00  INFO 19748 --- [restartedMain] o.apache.catalina.core.StandardEngine    : Starting Servlet engine: [Apache Tomcat/10.1.8]
2024-03-30T09:30:43.456+01:00  INFO 19748 --- [restartedMain] o.a.c.c.C.[Tomcat].[localhost].[/]       : Initializing Spring embedded WebApplicationContext
2024-03-30T09:30:43.457+01:00  INFO 19748 --- [restartedMain] w.s.c.ServletWebServerApplicationContext : Root WebApplicationContext: initialization completed in 2050 ms
2024-03-30T09:30:43.658+01:00  INFO 19748 --- [restartedMain] o.hibernate.jpa.internal.util.LogHelper  : HHH000204: Processing PersistenceUnitInfo [name: default]
2024-03-30T09:30:43.746+01:00  INFO 19748 --- [restartedMain] org.hibernate.Version                    : HHH000412: Hibernate ORM core version 6.2.2.Final
2024-03-30T09:30:43.750+01:00  INFO 19748 --- [restartedMain] org.hibernate.cfg.Environment            : HHH000406: Using bytecode reflection optimizer
2024-03-30T09:30:43.951+01:00  INFO 19748 --- [restartedMain] o.h.b.i.BytecodeProviderInitiator        : HHH000021: Bytecode provider name : bytebuddy
2024-03-30T09:30:44.169+01:00  INFO 19748 --- [restartedMain] o.s.o.j.p.SpringPersistenceUnitInfo      : No LoadTimeWeaver setup: ignoring JPA class transformer
2024-03-30T09:30:44.203+01:00  INFO 19748 --- [restartedMain] com.zaxxer.hikari.HikariDataSource       : HikariPool-1 - Starting...
2024-03-30T09:30:44.419+01:00  INFO 19748 --- [restartedMain] com.zaxxer.hikari.pool.HikariPool        : HikariPool-1 - Added connection com.mysql.cj.jdbc.ConnectionImpl@523c5a8e
2024-03-30T09:30:44.424+01:00  INFO 19748 --- [restartedMain] com.zaxxer.hikari.HikariDataSource       : HikariPool-1 - Start completed.
2024-03-30T09:30:44.512+01:00  WARN 19748 --- [restartedMain] org.hibernate.dialect.Dialect            : HHH000511: The 5.5.0 version for [org.hibernate.dialect.MySQLDialect] is no longer supported, hence certain features may not work properly. The minimum supported version is 5.7.0. Check the community dialects project for available legacy versions.
2024-03-30T09:30:44.519+01:00  INFO 19748 --- [restartedMain] org.hibernate.orm.dialect                : HHH035001: Using dialect: org.hibernate.dialect.MySQLDialect, version: 5.5
2024-03-30T09:30:44.845+01:00  INFO 19748 --- [restartedMain] o.h.b.i.BytecodeProviderInitiator        : HHH000021: Bytecode provider name : bytebuddy
2024-03-30T09:30:45.793+01:00  INFO 19748 --- [restartedMain] o.h.e.t.j.p.i.JtaPlatformInitiator       : HHH000490: Using JtaPlatform implementation: [org.hibernate.engine.transaction.jta.platform.internal.NoJtaPlatform]
2024-03-30T09:30:45.985+01:00 DEBUG 19748 --- [restartedMain] org.hibernate.SQL                        : alter table capteur modify column humidite  float(23) not null
2024-03-30T09:30:45.993+01:00 DEBUG 19748 --- [restartedMain] org.hibernate.SQL                        : alter table capteur modify column temperature  float(23) not null
2024-03-30T09:30:45.997+01:00 DEBUG 19748 --- [restartedMain] org.hibernate.SQL                        : alter table champ modify column superficie  float(53) not null
2024-03-30T09:30:46.041+01:00  INFO 19748 --- [restartedMain] j.LocalContainerEntityManagerFactoryBean : Initialized JPA EntityManagerFactory for persistence unit 'default'
2024-03-30T09:30:46.635+01:00  WARN 19748 --- [restartedMain] JpaBaseConfiguration$JpaWebConfiguration : spring.jpa.open-in-view is enabled by default. Therefore, database queries may be performed during view rendering. Explicitly configure spring.jpa.open-in-view to disable this warning
2024-03-30T09:30:47.246+01:00  INFO 19748 --- [restartedMain] o.s.b.d.a.OptionalLiveReloadServer       : LiveReload server is running on port 35729
2024-03-30T09:30:47.308+01:00  INFO 19748 --- [restartedMain] o.s.b.w.embedded.tomcat.TomcatWebServer  : Tomcat started on port(s): 8081 (http) with context path ''
2024-03-30T09:30:47.320+01:00  INFO 19748 --- [restartedMain] com.pfe.PfeApplication                   : Started PfeApplication in 6.579 seconds (process running for 7.567)
2024-03-30T09:30:56.058+01:00  INFO 19748 --- [http-nio-8081-exec-1] o.a.c.c.C.[Tomcat].[localhost].[/]       : Initializing Spring DispatcherServlet 'dispatcherServlet'
2024-03-30T09:30:56.059+01:00  INFO 19748 --- [http-nio-8081-exec-1] o.s.web.servlet.DispatcherServlet        : Initializing Servlet 'dispatcherServlet'
2024-03-30T09:30:56.061+01:00  INFO 19748 --- [http-nio-8081-exec-1] o.s.web.servlet.DispatcherServlet        : Completed initialization in 2 ms
2024-03-30T09:30:56.221+01:00  INFO 19748 --- [http-nio-8081-exec-1] com.pfe.controllers.HomeController       : ****HomePage() execution started ****
2024-03-30T09:31:04.680+01:00  INFO 19748 --- [http-nio-8081-exec-6] c.pfe.controllers.IngenieurController    : ****LoginPage() execution started ****
2024-03-30T09:44:32.670+01:00  INFO 19748 --- [RMI TCP Connection(19)-127.0.0.1] inMXBeanRegistrar$SpringApplicationAdmin : Application shutdown requested.
2024-03-30T09:44:32.690+01:00  INFO 19748 --- [RMI TCP Connection(19)-127.0.0.1] o.apache.catalina.core.StandardService   : Stopping service [Tomcat]
2024-03-30T09:44:32.692+01:00  INFO 19748 --- [RMI TCP Connection(19)-127.0.0.1] o.a.c.c.C.[Tomcat].[localhost].[/]       : Destroying Spring FrameworkServlet 'dispatcherServlet'
2024-03-30T09:44:32.702+01:00  INFO 19748 --- [RMI TCP Connection(19)-127.0.0.1] j.LocalContainerEntityManagerFactoryBean : Closing JPA EntityManagerFactory for persistence unit 'default'
2024-03-30T09:44:32.706+01:00  INFO 19748 --- [RMI TCP Connection(19)-127.0.0.1] com.zaxxer.hikari.HikariDataSource       : HikariPool-1 - Shutdown initiated...
2024-03-30T09:44:32.718+01:00  INFO 19748 --- [RMI TCP Connection(19)-127.0.0.1] com.zaxxer.hikari.HikariDataSource       : HikariPool-1 - Shutdown completed.
2024-03-30T09:44:43.030+01:00  INFO 3916 --- [restartedMain] com.pfe.PfeApplication                   : Starting PfeApplication using Java 17.0.10 with PID 3916 (C:\ProjetFinal\PFE\target\classes started by Laptop in C:\ProjetFinal\PFE)
2024-03-30T09:44:43.036+01:00  INFO 3916 --- [restartedMain] com.pfe.PfeApplication                   : No active profile set, falling back to 1 default profile: "default"
2024-03-30T09:44:43.124+01:00  INFO 3916 --- [restartedMain] .e.DevToolsPropertyDefaultsPostProcessor : Devtools property defaults active! Set 'spring.devtools.add-properties' to 'false' to disable
2024-03-30T09:44:43.125+01:00  INFO 3916 --- [restartedMain] .e.DevToolsPropertyDefaultsPostProcessor : For additional web related logging consider setting the 'logging.level.web' property to 'DEBUG'
2024-03-30T09:44:44.226+01:00  INFO 3916 --- [restartedMain] .s.d.r.c.RepositoryConfigurationDelegate : Bootstrapping Spring Data JPA repositories in DEFAULT mode.
2024-03-30T09:44:44.357+01:00  INFO 3916 --- [restartedMain] .s.d.r.c.RepositoryConfigurationDelegate : Finished Spring Data repository scanning in 115 ms. Found 5 JPA repository interfaces.
2024-03-30T09:44:45.382+01:00  INFO 3916 --- [restartedMain] o.s.b.w.embedded.tomcat.TomcatWebServer  : Tomcat initialized with port(s): 8081 (http)
2024-03-30T09:44:45.415+01:00  INFO 3916 --- [restartedMain] o.apache.catalina.core.StandardService   : Starting service [Tomcat]
2024-03-30T09:44:45.446+01:00  INFO 3916 --- [restartedMain] o.apache.catalina.core.StandardEngine    : Starting Servlet engine: [Apache Tomcat/10.1.8]
2024-03-30T09:44:45.578+01:00  INFO 3916 --- [restartedMain] o.a.c.c.C.[Tomcat].[localhost].[/]       : Initializing Spring embedded WebApplicationContext
2024-03-30T09:44:45.578+01:00  INFO 3916 --- [restartedMain] w.s.c.ServletWebServerApplicationContext : Root WebApplicationContext: initialization completed in 2452 ms
2024-03-30T09:44:45.813+01:00  INFO 3916 --- [restartedMain] o.hibernate.jpa.internal.util.LogHelper  : HHH000204: Processing PersistenceUnitInfo [name: default]
2024-03-30T09:44:45.952+01:00  INFO 3916 --- [restartedMain] org.hibernate.Version                    : HHH000412: Hibernate ORM core version 6.2.2.Final
2024-03-30T09:44:45.958+01:00  INFO 3916 --- [restartedMain] org.hibernate.cfg.Environment            : HHH000406: Using bytecode reflection optimizer
2024-03-30T09:44:46.157+01:00  INFO 3916 --- [restartedMain] o.h.b.i.BytecodeProviderInitiator        : HHH000021: Bytecode provider name : bytebuddy
2024-03-30T09:44:46.344+01:00  INFO 3916 --- [restartedMain] o.s.o.j.p.SpringPersistenceUnitInfo      : No LoadTimeWeaver setup: ignoring JPA class transformer
2024-03-30T09:44:46.370+01:00  INFO 3916 --- [restartedMain] com.zaxxer.hikari.HikariDataSource       : HikariPool-1 - Starting...
2024-03-30T09:44:46.635+01:00  INFO 3916 --- [restartedMain] com.zaxxer.hikari.pool.HikariPool        : HikariPool-1 - Added connection com.mysql.cj.jdbc.ConnectionImpl@e161c74
2024-03-30T09:44:46.638+01:00  INFO 3916 --- [restartedMain] com.zaxxer.hikari.HikariDataSource       : HikariPool-1 - Start completed.
2024-03-30T09:44:46.716+01:00  WARN 3916 --- [restartedMain] org.hibernate.dialect.Dialect            : HHH000511: The 5.5.0 version for [org.hibernate.dialect.MySQLDialect] is no longer supported, hence certain features may not work properly. The minimum supported version is 5.7.0. Check the community dialects project for available legacy versions.
2024-03-30T09:44:46.723+01:00  INFO 3916 --- [restartedMain] org.hibernate.orm.dialect                : HHH035001: Using dialect: org.hibernate.dialect.MySQLDialect, version: 5.5
2024-03-30T09:44:47.135+01:00  INFO 3916 --- [restartedMain] o.h.b.i.BytecodeProviderInitiator        : HHH000021: Bytecode provider name : bytebuddy
2024-03-30T09:44:48.506+01:00  INFO 3916 --- [restartedMain] o.h.e.t.j.p.i.JtaPlatformInitiator       : HHH000490: Using JtaPlatform implementation: [org.hibernate.engine.transaction.jta.platform.internal.NoJtaPlatform]
2024-03-30T09:44:48.729+01:00 DEBUG 3916 --- [restartedMain] org.hibernate.SQL                        : alter table capteur modify column humidite  float(23) not null
2024-03-30T09:44:48.738+01:00 DEBUG 3916 --- [restartedMain] org.hibernate.SQL                        : alter table capteur modify column temperature  float(23) not null
2024-03-30T09:44:48.743+01:00 DEBUG 3916 --- [restartedMain] org.hibernate.SQL                        : alter table champ modify column superficie  float(53) not null
2024-03-30T09:44:48.782+01:00  INFO 3916 --- [restartedMain] j.LocalContainerEntityManagerFactoryBean : Initialized JPA EntityManagerFactory for persistence unit 'default'
2024-03-30T09:44:49.371+01:00  WARN 3916 --- [restartedMain] JpaBaseConfiguration$JpaWebConfiguration : spring.jpa.open-in-view is enabled by default. Therefore, database queries may be performed during view rendering. Explicitly configure spring.jpa.open-in-view to disable this warning
2024-03-30T09:44:49.887+01:00  INFO 3916 --- [restartedMain] o.s.b.d.a.OptionalLiveReloadServer       : LiveReload server is running on port 35729
2024-03-30T09:44:49.975+01:00  INFO 3916 --- [restartedMain] o.s.b.w.embedded.tomcat.TomcatWebServer  : Tomcat started on port(s): 8081 (http) with context path ''
2024-03-30T09:44:49.997+01:00  INFO 3916 --- [restartedMain] com.pfe.PfeApplication                   : Started PfeApplication in 7.557 seconds (process running for 9.334)
2024-03-30T09:45:07.939+01:00  INFO 3916 --- [http-nio-8081-exec-1] o.a.c.c.C.[Tomcat].[localhost].[/]       : Initializing Spring DispatcherServlet 'dispatcherServlet'
2024-03-30T09:45:07.939+01:00  INFO 3916 --- [http-nio-8081-exec-1] o.s.web.servlet.DispatcherServlet        : Initializing Servlet 'dispatcherServlet'
2024-03-30T09:45:07.942+01:00  INFO 3916 --- [http-nio-8081-exec-1] o.s.web.servlet.DispatcherServlet        : Completed initialization in 2 ms
2024-03-30T09:45:08.045+01:00  INFO 3916 --- [http-nio-8081-exec-1] com.pfe.controllers.HomeController       : ****HomePage() execution started ****
2024-03-30T09:45:11.580+01:00  INFO 3916 --- [http-nio-8081-exec-6] c.pfe.controllers.IngenieurController    : ****LoginPage() execution started ****
2024-03-30T09:51:36.920+01:00  INFO 3916 --- [RMI TCP Connection(11)-127.0.0.1] inMXBeanRegistrar$SpringApplicationAdmin : Application shutdown requested.
2024-03-30T09:51:36.944+01:00  INFO 3916 --- [RMI TCP Connection(11)-127.0.0.1] o.apache.catalina.core.StandardService   : Stopping service [Tomcat]
2024-03-30T09:51:36.947+01:00  INFO 3916 --- [RMI TCP Connection(11)-127.0.0.1] o.a.c.c.C.[Tomcat].[localhost].[/]       : Destroying Spring FrameworkServlet 'dispatcherServlet'
2024-03-30T09:51:36.958+01:00  INFO 3916 --- [RMI TCP Connection(11)-127.0.0.1] j.LocalContainerEntityManagerFactoryBean : Closing JPA EntityManagerFactory for persistence unit 'default'
2024-03-30T09:51:36.964+01:00  INFO 3916 --- [RMI TCP Connection(11)-127.0.0.1] com.zaxxer.hikari.HikariDataSource       : HikariPool-1 - Shutdown initiated...
2024-03-30T09:51:36.978+01:00  INFO 3916 --- [RMI TCP Connection(11)-127.0.0.1] com.zaxxer.hikari.HikariDataSource       : HikariPool-1 - Shutdown completed.
2024-03-30T09:52:19.008+01:00  INFO 19368 --- [restartedMain] com.pfe.PfeApplication                   : Starting PfeApplication using Java 17.0.10 with PID 19368 (C:\ProjetFinal\PFE\target\classes started by Laptop in C:\ProjetFinal\PFE)
2024-03-30T09:52:19.015+01:00  INFO 19368 --- [restartedMain] com.pfe.PfeApplication                   : No active profile set, falling back to 1 default profile: "default"
2024-03-30T09:52:19.130+01:00  INFO 19368 --- [restartedMain] .e.DevToolsPropertyDefaultsPostProcessor : Devtools property defaults active! Set 'spring.devtools.add-properties' to 'false' to disable
2024-03-30T09:52:19.131+01:00  INFO 19368 --- [restartedMain] .e.DevToolsPropertyDefaultsPostProcessor : For additional web related logging consider setting the 'logging.level.web' property to 'DEBUG'
2024-03-30T09:52:20.562+01:00  INFO 19368 --- [restartedMain] .s.d.r.c.RepositoryConfigurationDelegate : Bootstrapping Spring Data JPA repositories in DEFAULT mode.
2024-03-30T09:52:20.693+01:00  INFO 19368 --- [restartedMain] .s.d.r.c.RepositoryConfigurationDelegate : Finished Spring Data repository scanning in 112 ms. Found 5 JPA repository interfaces.
2024-03-30T09:52:21.577+01:00  INFO 19368 --- [restartedMain] o.s.b.w.embedded.tomcat.TomcatWebServer  : Tomcat initialized with port(s): 8081 (http)
2024-03-30T09:52:21.591+01:00  INFO 19368 --- [restartedMain] o.apache.catalina.core.StandardService   : Starting service [Tomcat]
2024-03-30T09:52:21.592+01:00  INFO 19368 --- [restartedMain] o.apache.catalina.core.StandardEngine    : Starting Servlet engine: [Apache Tomcat/10.1.8]
2024-03-30T09:52:21.704+01:00  INFO 19368 --- [restartedMain] o.a.c.c.C.[Tomcat].[localhost].[/]       : Initializing Spring embedded WebApplicationContext
2024-03-30T09:52:21.704+01:00  INFO 19368 --- [restartedMain] w.s.c.ServletWebServerApplicationContext : Root WebApplicationContext: initialization completed in 2572 ms
2024-03-30T09:52:21.911+01:00  INFO 19368 --- [restartedMain] o.hibernate.jpa.internal.util.LogHelper  : HHH000204: Processing PersistenceUnitInfo [name: default]
2024-03-30T09:52:21.995+01:00  INFO 19368 --- [restartedMain] org.hibernate.Version                    : HHH000412: Hibernate ORM core version 6.2.2.Final
2024-03-30T09:52:22.000+01:00  INFO 19368 --- [restartedMain] org.hibernate.cfg.Environment            : HHH000406: Using bytecode reflection optimizer
2024-03-30T09:52:22.217+01:00  INFO 19368 --- [restartedMain] o.h.b.i.BytecodeProviderInitiator        : HHH000021: Bytecode provider name : bytebuddy
2024-03-30T09:52:22.415+01:00  INFO 19368 --- [restartedMain] o.s.o.j.p.SpringPersistenceUnitInfo      : No LoadTimeWeaver setup: ignoring JPA class transformer
2024-03-30T09:52:22.473+01:00  INFO 19368 --- [restartedMain] com.zaxxer.hikari.HikariDataSource       : HikariPool-1 - Starting...
2024-03-30T09:52:22.774+01:00  INFO 19368 --- [restartedMain] com.zaxxer.hikari.pool.HikariPool        : HikariPool-1 - Added connection com.mysql.cj.jdbc.ConnectionImpl@249c9300
2024-03-30T09:52:22.777+01:00  INFO 19368 --- [restartedMain] com.zaxxer.hikari.HikariDataSource       : HikariPool-1 - Start completed.
2024-03-30T09:52:22.867+01:00  WARN 19368 --- [restartedMain] org.hibernate.dialect.Dialect            : HHH000511: The 5.5.0 version for [org.hibernate.dialect.MySQLDialect] is no longer supported, hence certain features may not work properly. The minimum supported version is 5.7.0. Check the community dialects project for available legacy versions.
2024-03-30T09:52:22.874+01:00  INFO 19368 --- [restartedMain] org.hibernate.orm.dialect                : HHH035001: Using dialect: org.hibernate.dialect.MySQLDialect, version: 5.5
2024-03-30T09:52:23.239+01:00  INFO 19368 --- [restartedMain] o.h.b.i.BytecodeProviderInitiator        : HHH000021: Bytecode provider name : bytebuddy
2024-03-30T09:52:24.226+01:00  INFO 19368 --- [restartedMain] o.h.e.t.j.p.i.JtaPlatformInitiator       : HHH000490: Using JtaPlatform implementation: [org.hibernate.engine.transaction.jta.platform.internal.NoJtaPlatform]
2024-03-30T09:52:24.422+01:00 DEBUG 19368 --- [restartedMain] org.hibernate.SQL                        : alter table capteur modify column humidite  float(23) not null
2024-03-30T09:52:24.429+01:00 DEBUG 19368 --- [restartedMain] org.hibernate.SQL                        : alter table capteur modify column temperature  float(23) not null
2024-03-30T09:52:24.433+01:00 DEBUG 19368 --- [restartedMain] org.hibernate.SQL                        : alter table champ modify column superficie  float(53) not null
2024-03-30T09:52:24.470+01:00  INFO 19368 --- [restartedMain] j.LocalContainerEntityManagerFactoryBean : Initialized JPA EntityManagerFactory for persistence unit 'default'
2024-03-30T09:52:25.095+01:00  WARN 19368 --- [restartedMain] JpaBaseConfiguration$JpaWebConfiguration : spring.jpa.open-in-view is enabled by default. Therefore, database queries may be performed during view rendering. Explicitly configure spring.jpa.open-in-view to disable this warning
2024-03-30T09:52:25.638+01:00  INFO 19368 --- [restartedMain] o.s.b.d.a.OptionalLiveReloadServer       : LiveReload server is running on port 35729
2024-03-30T09:52:25.702+01:00  INFO 19368 --- [restartedMain] o.s.b.w.embedded.tomcat.TomcatWebServer  : Tomcat started on port(s): 8081 (http) with context path ''
2024-03-30T09:52:25.716+01:00  INFO 19368 --- [restartedMain] com.pfe.PfeApplication                   : Started PfeApplication in 7.457 seconds (process running for 8.821)
2024-03-30T09:52:56.946+01:00  INFO 19368 --- [http-nio-8081-exec-1] o.a.c.c.C.[Tomcat].[localhost].[/]       : Initializing Spring DispatcherServlet 'dispatcherServlet'
2024-03-30T09:52:56.946+01:00  INFO 19368 --- [http-nio-8081-exec-1] o.s.web.servlet.DispatcherServlet        : Initializing Servlet 'dispatcherServlet'
2024-03-30T09:52:56.949+01:00  INFO 19368 --- [http-nio-8081-exec-1] o.s.web.servlet.DispatcherServlet        : Completed initialization in 1 ms
2024-03-30T09:52:57.003+01:00  INFO 19368 --- [http-nio-8081-exec-1] com.pfe.controllers.HomeController       : ****HomePage() execution started ****
2024-03-30T09:53:00.787+01:00  INFO 19368 --- [http-nio-8081-exec-6] c.pfe.controllers.IngenieurController    : ****LoginPage() execution started ****
2024-03-30T10:15:45.455+01:00  INFO 19368 --- [RMI TCP Connection(29)-127.0.0.1] inMXBeanRegistrar$SpringApplicationAdmin : Application shutdown requested.
2024-03-30T10:15:45.480+01:00  INFO 19368 --- [RMI TCP Connection(29)-127.0.0.1] o.apache.catalina.core.StandardService   : Stopping service [Tomcat]
2024-03-30T10:15:45.482+01:00  INFO 19368 --- [RMI TCP Connection(29)-127.0.0.1] o.a.c.c.C.[Tomcat].[localhost].[/]       : Destroying Spring FrameworkServlet 'dispatcherServlet'
2024-03-30T10:15:45.493+01:00  INFO 19368 --- [RMI TCP Connection(29)-127.0.0.1] j.LocalContainerEntityManagerFactoryBean : Closing JPA EntityManagerFactory for persistence unit 'default'
2024-03-30T10:15:45.498+01:00  INFO 19368 --- [RMI TCP Connection(29)-127.0.0.1] com.zaxxer.hikari.HikariDataSource       : HikariPool-1 - Shutdown initiated...
2024-03-30T10:15:45.511+01:00  INFO 19368 --- [RMI TCP Connection(29)-127.0.0.1] com.zaxxer.hikari.HikariDataSource       : HikariPool-1 - Shutdown completed.
